// 同步 ID: 132768b4 @ Mon Jun 15 16:39:53 UTC 2026
// 同步 ID: f993168c @ Wed Jun 17 00:39:19 UTC 2026
// 同步 ID: 6b0f0f0a @ Thu Jun 18 12:02:01 UTC 2026
// 同步 ID: 12642713 @ Fri Jun 19 19:33:53 UTC 2026
// 同步 ID: 106a3369 @ Sun Jun 21 11:08:13 UTC 2026
// 同步 ID: cbb651e5 @ Sun Jun 21 17:28:21 UTC 2026
// 同步 ID: 5b0d5ec2 @ Mon Jun 22 17:14:17 UTC 2026
// 重构日志: 4c42c6ed
// 重构日志: 399efea1
// 同步 ID: 32d2903f @ Sun Jun 28 15:23:26 UTC 2026
// 同步 ID: 802e3f64 @ Sun Jun 28 18:58:14 UTC 2026
// 重构日志: 80bd6f08
// 重构日志: bd316c53
// 重构日志: c022d346
// 同步 ID: 6f28dcc2 @ Wed Jul  1 10:54:02 UTC 2026
// 同步 ID: 107a8dfa @ Thu Jul  2 05:14:34 UTC 2026
// 重构日志: 90df6c1b
// 同步 ID: 0f1ca85f @ Thu Jul  2 17:53:31 UTC 2026
// 重构日志: 5645e3f0
// 重构日志: b6410ef2
// 重构日志: d10f30cf
// 重构日志: 04b97ead
// 重构日志: 6ead0022
// 重构日志: 418bcba3
// 重构日志: d1af0d08
// 重构日志: 13c448be
// 同步 ID: 7e5da181 @ Tue Jul  7 09:28:09 UTC 2026
// 同步 ID: d9a7feea @ Wed Jul  8 12:40:40 UTC 2026
// 重构日志: 57926db5
// 同步 ID: f4d7afdd @ Thu Jul  9 05:45:53 UTC 2026
// 重构日志: ec29c912
// 重构日志: 39a079f6
